[INFO] Scanning for projects...
[INFO] 
[INFO] ---------------------< com.example:order-service >----------------------
[INFO] Building order-service 0.0.1-SNAPSHOT
[INFO]   from pom.xml
[INFO] --------------------------------[ jar ]---------------------------------
[INFO] 
[INFO] --- clean:3.3.2:clean (default-clean) @ order-service ---
[INFO] Deleting /Users/lfrd/Documents/velora-system/order-service/target
[INFO] 
[INFO] >>> spring-boot:3.2.5:run (default-cli) > test-compile @ order-service >>>
[INFO] 
[INFO] --- resources:3.3.1:resources (default-resources) @ order-service ---
[INFO] Copying 1 resource from src/main/resources to target/classes
[INFO] Copying 0 resource from src/main/resources to target/classes
[INFO] 
[INFO] --- compiler:3.11.0:compile (default-compile) @ order-service ---
[INFO] Changes detected - recompiling the module! :source
[INFO] Compiling 23 source files with javac [debug release 17] to target/classes
[INFO] 
[INFO] --- resources:3.3.1:testResources (default-testResources) @ order-service ---
[INFO] skip non existing resourceDirectory /Users/lfrd/Documents/velora-system/order-service/src/test/resources
[INFO] 
[INFO] --- compiler:3.11.0:testCompile (default-testCompile) @ order-service ---
[INFO] No sources to compile
[INFO] 
[INFO] <<< spring-boot:3.2.5:run (default-cli) < test-compile @ order-service <<<
[INFO] 
[INFO] 
[INFO] --- spring-boot:3.2.5:run (default-cli) @ order-service ---
[INFO] Attaching agents: []

  .   ____          _            __ _ _
 /\\ / ___'_ __ _ _(_)_ __  __ _ \ \ \ \
( ( )\___ | '_ | '_| | '_ \/ _` | \ \ \ \
 \\/  ___)| |_)| | | | | || (_| |  ) ) ) )
  '  |____| .__|_| |_|_| |_\__, | / / / /
 =========|_|==============|___/=/_/_/_/
 :: Spring Boot ::                (v3.2.5)

2026-04-22T20:10:49.447+07:00  INFO 75513 --- [order-service] [           main] c.e.o.OrderServiceApplication            : Starting OrderServiceApplication using Java 25.0.2 with PID 75513 (/Users/lfrd/Documents/velora-system/order-service/target/classes started by lfrd in /Users/lfrd/Documents/velora-system/order-service)
2026-04-22T20:10:49.449+07:00  INFO 75513 --- [order-service] [           main] c.e.o.OrderServiceApplication            : No active profile set, falling back to 1 default profile: "default"
2026-04-22T20:10:50.007+07:00  INFO 75513 --- [order-service] [           main] .s.d.r.c.RepositoryConfigurationDelegate : Bootstrapping Spring Data JPA repositories in DEFAULT mode.
2026-04-22T20:10:50.036+07:00  INFO 75513 --- [order-service] [           main] .s.d.r.c.RepositoryConfigurationDelegate : Finished Spring Data repository scanning in 25 ms. Found 1 JPA repository interface.
WARNING: A restricted method in java.lang.System has been called
WARNING: java.lang.System::load has been called by org.apache.tomcat.jni.Library in an unnamed module (file:/Users/lfrd/.m2/repository/org/apache/tomcat/embed/tomcat-embed-core/10.1.20/tomcat-embed-core-10.1.20.jar)
WARNING: Use --enable-native-access=ALL-UNNAMED to avoid a warning for callers in this module
WARNING: Restricted methods will be blocked in a future release unless native access is enabled

2026-04-22T20:10:50.463+07:00  INFO 75513 --- [order-service] [           main] o.s.b.w.embedded.tomcat.TomcatWebServer  : Tomcat initialized with port 8083 (http)
2026-04-22T20:10:50.470+07:00  INFO 75513 --- [order-service] [           main] o.apache.catalina.core.StandardService   : Starting service [Tomcat]
2026-04-22T20:10:50.470+07:00  INFO 75513 --- [order-service] [           main] o.apache.catalina.core.StandardEngine    : Starting Servlet engine: [Apache Tomcat/10.1.20]
2026-04-22T20:10:50.497+07:00  INFO 75513 --- [order-service] [           main] o.a.c.c.C.[Tomcat].[localhost].[/]       : Initializing Spring embedded WebApplicationContext
2026-04-22T20:10:50.497+07:00  INFO 75513 --- [order-service] [           main] w.s.c.ServletWebServerApplicationContext : Root WebApplicationContext: initialization completed in 1019 ms
2026-04-22T20:10:50.685+07:00  INFO 75513 --- [order-service] [           main] o.hibernate.jpa.internal.util.LogHelper  : HHH000204: Processing PersistenceUnitInfo [name: default]
2026-04-22T20:10:50.710+07:00  INFO 75513 --- [order-service] [           main] org.hibernate.Version                    : HHH000412: Hibernate ORM core version 6.4.4.Final
2026-04-22T20:10:50.724+07:00  INFO 75513 --- [order-service] [           main] o.h.c.internal.RegionFactoryInitiator    : HHH000026: Second-level cache disabled
2026-04-22T20:10:50.838+07:00  INFO 75513 --- [order-service] [           main] o.s.o.j.p.SpringPersistenceUnitInfo      : No LoadTimeWeaver setup: ignoring JPA class transformer
2026-04-22T20:10:50.851+07:00  INFO 75513 --- [order-service] [           main] com.zaxxer.hikari.HikariDataSource       : HikariPool-1 - Starting...
2026-04-22T20:10:50.947+07:00  INFO 75513 --- [order-service] [           main] com.zaxxer.hikari.pool.HikariPool        : HikariPool-1 - Added connection com.mysql.cj.jdbc.ConnectionImpl@164dea80
2026-04-22T20:10:50.948+07:00  INFO 75513 --- [order-service] [           main] com.zaxxer.hikari.HikariDataSource       : HikariPool-1 - Start completed.
2026-04-22T20:10:51.482+07:00  INFO 75513 --- [order-service] [           main] o.h.e.t.j.p.i.JtaPlatformInitiator       : HHH000489: No JTA platform available (set 'hibernate.transaction.jta.platform' to enable JTA platform integration)
2026-04-22T20:10:51.531+07:00  INFO 75513 --- [order-service] [           main] j.LocalContainerEntityManagerFactoryBean : Initialized JPA EntityManagerFactory for persistence unit 'default'
2026-04-22T20:10:51.805+07:00  WARN 75513 --- [order-service] [           main] JpaBaseConfiguration$JpaWebConfiguration : spring.jpa.open-in-view is enabled by default. Therefore, database queries may be performed during view rendering. Explicitly configure spring.jpa.open-in-view to disable this warning
2026-04-22T20:10:52.186+07:00  INFO 75513 --- [order-service] [           main] o.s.b.a.e.web.EndpointLinksResolver      : Exposing 2 endpoint(s) beneath base path '/actuator'
2026-04-22T20:10:52.260+07:00  INFO 75513 --- [order-service] [           main] o.s.b.w.embedded.tomcat.TomcatWebServer  : Tomcat started on port 8083 (http) with context path ''
2026-04-22T20:10:52.285+07:00  INFO 75513 --- [order-service] [           main] o.a.k.clients.consumer.ConsumerConfig    : ConsumerConfig values: 
	allow.auto.create.topics = true
	auto.commit.interval.ms = 5000
	auto.include.jmx.reporter = true
	auto.offset.reset = earliest
	bootstrap.servers = [localhost:9092]
	check.crcs = true
	client.dns.lookup = use_all_dns_ips
	client.id = consumer-order-service-1
	client.rack = 
	connections.max.idle.ms = 540000
	default.api.timeout.ms = 60000
	enable.auto.commit = false
	exclude.internal.topics = true
	fetch.max.bytes = 52428800
	fetch.max.wait.ms = 500
	fetch.min.bytes = 1
	group.id = order-service
	group.instance.id = null
	heartbeat.interval.ms = 3000
	interceptor.classes = []
	internal.leave.group.on.close = true
	internal.throw.on.fetch.stable.offset.unsupported = false
	isolation.level = read_uncommitted
	key.deserializer = class org.apache.kafka.common.serialization.StringDeserializer
	max.partition.fetch.bytes = 1048576
	max.poll.interval.ms = 300000
	max.poll.records = 500
	metadata.max.age.ms = 300000
	metric.reporters = []
	metrics.num.samples = 2
	metrics.recording.level = INFO
	metrics.sample.window.ms = 30000
	partition.assignment.strategy = [class org.apache.kafka.clients.consumer.RangeAssignor, class org.apache.kafka.clients.consumer.CooperativeStickyAssignor]
	receive.buffer.bytes = 65536
	reconnect.backoff.max.ms = 1000
	reconnect.backoff.ms = 50
	request.timeout.ms = 30000
	retry.backoff.ms = 100
	sasl.client.callback.handler.class = null
	sasl.jaas.config = null
	sasl.kerberos.kinit.cmd = /usr/bin/kinit
	sasl.kerberos.min.time.before.relogin = 60000
	sasl.kerberos.service.name = null
	sasl.kerberos.ticket.renew.jitter = 0.05
	sasl.kerberos.ticket.renew.window.factor = 0.8
	sasl.login.callback.handler.class = null
	sasl.login.class = null
	sasl.login.connect.timeout.ms = null
	sasl.login.read.timeout.ms = null
	sasl.login.refresh.buffer.seconds = 300
	sasl.login.refresh.min.period.seconds = 60
	sasl.login.refresh.window.factor = 0.8
	sasl.login.refresh.window.jitter = 0.05
	sasl.login.retry.backoff.max.ms = 10000
	sasl.login.retry.backoff.ms = 100
	sasl.mechanism = GSSAPI
	sasl.oauthbearer.clock.skew.seconds = 30
	sasl.oauthbearer.expected.audience = null
	sasl.oauthbearer.expected.issuer = null
	sasl.oauthbearer.jwks.endpoint.refresh.ms = 3600000
	sasl.oauthbearer.jwks.endpoint.retry.backoff.max.ms = 10000
	sasl.oauthbearer.jwks.endpoint.retry.backoff.ms = 100
	sasl.oauthbearer.jwks.endpoint.url = null
	sasl.oauthbearer.scope.claim.name = scope
	sasl.oauthbearer.sub.claim.name = sub
	sasl.oauthbearer.token.endpoint.url = null
	security.protocol = PLAINTEXT
	security.providers = null
	send.buffer.bytes = 131072
	session.timeout.ms = 45000
	socket.connection.setup.timeout.max.ms = 30000
	socket.connection.setup.timeout.ms = 10000
	ssl.cipher.suites = null
	ssl.enabled.protocols = [TLSv1.2, TLSv1.3]
	ssl.endpoint.identification.algorithm = https
	ssl.engine.factory.class = null
	ssl.key.password = null
	ssl.keymanager.algorithm = SunX509
	ssl.keystore.certificate.chain = null
	ssl.keystore.key = null
	ssl.keystore.location = null
	ssl.keystore.password = null
	ssl.keystore.type = JKS
	ssl.protocol = TLSv1.3
	ssl.provider = null
	ssl.secure.random.implementation = null
	ssl.trustmanager.algorithm = PKIX
	ssl.truststore.certificates = null
	ssl.truststore.location = null
	ssl.truststore.password = null
	ssl.truststore.type = JKS
	value.deserializer = class org.apache.kafka.common.serialization.ByteArrayDeserializer

2026-04-22T20:10:52.378+07:00  INFO 75513 --- [order-service] [           main] o.a.k.clients.consumer.ConsumerConfig    : These configurations '[spring.json.trusted.packages]' were supplied but are not used yet.
2026-04-22T20:10:52.379+07:00  INFO 75513 --- [order-service] [           main] o.a.kafka.common.utils.AppInfoParser     : Kafka version: 3.6.2
2026-04-22T20:10:52.379+07:00  INFO 75513 --- [order-service] [           main] o.a.kafka.common.utils.AppInfoParser     : Kafka commitId: c4deed513057c94e
2026-04-22T20:10:52.379+07:00  INFO 75513 --- [order-service] [           main] o.a.kafka.common.utils.AppInfoParser     : Kafka startTimeMs: 1776863452378
2026-04-22T20:10:52.387+07:00  INFO 75513 --- [order-service] [           main] fkaConsumerFactory$ExtendedKafkaConsumer : [Consumer clientId=consumer-order-service-1, groupId=order-service] Subscribed to topic(s): velora.shipment.created.topic
2026-04-22T20:10:52.397+07:00  INFO 75513 --- [order-service] [           main] o.a.k.clients.consumer.ConsumerConfig    : ConsumerConfig values: 
	allow.auto.create.topics = true
	auto.commit.interval.ms = 5000
	auto.include.jmx.reporter = true
	auto.offset.reset = earliest
	bootstrap.servers = [localhost:9092]
	check.crcs = true
	client.dns.lookup = use_all_dns_ips
	client.id = consumer-order-service-2
	client.rack = 
	connections.max.idle.ms = 540000
	default.api.timeout.ms = 60000
	enable.auto.commit = false
	exclude.internal.topics = true
	fetch.max.bytes = 52428800
	fetch.max.wait.ms = 500
	fetch.min.bytes = 1
	group.id = order-service
	group.instance.id = null
	heartbeat.interval.ms = 3000
	interceptor.classes = []
	internal.leave.group.on.close = true
	internal.throw.on.fetch.stable.offset.unsupported = false
	isolation.level = read_uncommitted
	key.deserializer = class org.apache.kafka.common.serialization.StringDeserializer
	max.partition.fetch.bytes = 1048576
	max.poll.interval.ms = 300000
	max.poll.records = 500
	metadata.max.age.ms = 300000
	metric.reporters = []
	metrics.num.samples = 2
	metrics.recording.level = INFO
	metrics.sample.window.ms = 30000
	partition.assignment.strategy = [class org.apache.kafka.clients.consumer.RangeAssignor, class org.apache.kafka.clients.consumer.CooperativeStickyAssignor]
	receive.buffer.bytes = 65536
	reconnect.backoff.max.ms = 1000
	reconnect.backoff.ms = 50
	request.timeout.ms = 30000
	retry.backoff.ms = 100
	sasl.client.callback.handler.class = null
	sasl.jaas.config = null
	sasl.kerberos.kinit.cmd = /usr/bin/kinit
	sasl.kerberos.min.time.before.relogin = 60000
	sasl.kerberos.service.name = null
	sasl.kerberos.ticket.renew.jitter = 0.05
	sasl.kerberos.ticket.renew.window.factor = 0.8
	sasl.login.callback.handler.class = null
	sasl.login.class = null
	sasl.login.connect.timeout.ms = null
	sasl.login.read.timeout.ms = null
	sasl.login.refresh.buffer.seconds = 300
	sasl.login.refresh.min.period.seconds = 60
	sasl.login.refresh.window.factor = 0.8
	sasl.login.refresh.window.jitter = 0.05
	sasl.login.retry.backoff.max.ms = 10000
	sasl.login.retry.backoff.ms = 100
	sasl.mechanism = GSSAPI
	sasl.oauthbearer.clock.skew.seconds = 30
	sasl.oauthbearer.expected.audience = null
	sasl.oauthbearer.expected.issuer = null
	sasl.oauthbearer.jwks.endpoint.refresh.ms = 3600000
	sasl.oauthbearer.jwks.endpoint.retry.backoff.max.ms = 10000
	sasl.oauthbearer.jwks.endpoint.retry.backoff.ms = 100
	sasl.oauthbearer.jwks.endpoint.url = null
	sasl.oauthbearer.scope.claim.name = scope
	sasl.oauthbearer.sub.claim.name = sub
	sasl.oauthbearer.token.endpoint.url = null
	security.protocol = PLAINTEXT
	security.providers = null
	send.buffer.bytes = 131072
	session.timeout.ms = 45000
	socket.connection.setup.timeout.max.ms = 30000
	socket.connection.setup.timeout.ms = 10000
	ssl.cipher.suites = null
	ssl.enabled.protocols = [TLSv1.2, TLSv1.3]
	ssl.endpoint.identification.algorithm = https
	ssl.engine.factory.class = null
	ssl.key.password = null
	ssl.keymanager.algorithm = SunX509
	ssl.keystore.certificate.chain = null
	ssl.keystore.key = null
	ssl.keystore.location = null
	ssl.keystore.password = null
	ssl.keystore.type = JKS
	ssl.protocol = TLSv1.3
	ssl.provider = null
	ssl.secure.random.implementation = null
	ssl.trustmanager.algorithm = PKIX
	ssl.truststore.certificates = null
	ssl.truststore.location = null
	ssl.truststore.password = null
	ssl.truststore.type = JKS
	value.deserializer = class org.apache.kafka.common.serialization.ByteArrayDeserializer

2026-04-22T20:10:52.401+07:00  INFO 75513 --- [order-service] [           main] o.a.k.clients.consumer.ConsumerConfig    : These configurations '[spring.json.trusted.packages]' were supplied but are not used yet.
2026-04-22T20:10:52.401+07:00  INFO 75513 --- [order-service] [           main] o.a.kafka.common.utils.AppInfoParser     : Kafka version: 3.6.2
2026-04-22T20:10:52.401+07:00  INFO 75513 --- [order-service] [           main] o.a.kafka.common.utils.AppInfoParser     : Kafka commitId: c4deed513057c94e
2026-04-22T20:10:52.401+07:00  INFO 75513 --- [order-service] [           main] o.a.kafka.common.utils.AppInfoParser     : Kafka startTimeMs: 1776863452401
2026-04-22T20:10:52.405+07:00  INFO 75513 --- [order-service] [           main] fkaConsumerFactory$ExtendedKafkaConsumer : [Consumer clientId=consumer-order-service-2, groupId=order-service] Subscribed to topic(s): velora.payment.success.topic
2026-04-22T20:10:52.406+07:00  INFO 75513 --- [order-service] [           main] o.a.k.clients.consumer.ConsumerConfig    : ConsumerConfig values: 
	allow.auto.create.topics = true
	auto.commit.interval.ms = 5000
	auto.include.jmx.reporter = true
	auto.offset.reset = earliest
	bootstrap.servers = [localhost:9092]
	check.crcs = true
	client.dns.lookup = use_all_dns_ips
	client.id = consumer-order-service-3
	client.rack = 
	connections.max.idle.ms = 540000
	default.api.timeout.ms = 60000
	enable.auto.commit = false
	exclude.internal.topics = true
	fetch.max.bytes = 52428800
	fetch.max.wait.ms = 500
	fetch.min.bytes = 1
	group.id = order-service
	group.instance.id = null
	heartbeat.interval.ms = 3000
	interceptor.classes = []
	internal.leave.group.on.close = true
	internal.throw.on.fetch.stable.offset.unsupported = false
	isolation.level = read_uncommitted
	key.deserializer = class org.apache.kafka.common.serialization.StringDeserializer
	max.partition.fetch.bytes = 1048576
	max.poll.interval.ms = 300000
	max.poll.records = 500
	metadata.max.age.ms = 300000
	metric.reporters = []
	metrics.num.samples = 2
	metrics.recording.level = INFO
	metrics.sample.window.ms = 30000
	partition.assignment.strategy = [class org.apache.kafka.clients.consumer.RangeAssignor, class org.apache.kafka.clients.consumer.CooperativeStickyAssignor]
	receive.buffer.bytes = 65536
	reconnect.backoff.max.ms = 1000
	reconnect.backoff.ms = 50
	request.timeout.ms = 30000
	retry.backoff.ms = 100
	sasl.client.callback.handler.class = null
	sasl.jaas.config = null
	sasl.kerberos.kinit.cmd = /usr/bin/kinit
	sasl.kerberos.min.time.before.relogin = 60000
	sasl.kerberos.service.name = null
	sasl.kerberos.ticket.renew.jitter = 0.05
	sasl.kerberos.ticket.renew.window.factor = 0.8
	sasl.login.callback.handler.class = null
	sasl.login.class = null
	sasl.login.connect.timeout.ms = null
	sasl.login.read.timeout.ms = null
	sasl.login.refresh.buffer.seconds = 300
	sasl.login.refresh.min.period.seconds = 60
	sasl.login.refresh.window.factor = 0.8
	sasl.login.refresh.window.jitter = 0.05
	sasl.login.retry.backoff.max.ms = 10000
	sasl.login.retry.backoff.ms = 100
	sasl.mechanism = GSSAPI
	sasl.oauthbearer.clock.skew.seconds = 30
	sasl.oauthbearer.expected.audience = null
	sasl.oauthbearer.expected.issuer = null
	sasl.oauthbearer.jwks.endpoint.refresh.ms = 3600000
	sasl.oauthbearer.jwks.endpoint.retry.backoff.max.ms = 10000
	sasl.oauthbearer.jwks.endpoint.retry.backoff.ms = 100
	sasl.oauthbearer.jwks.endpoint.url = null
	sasl.oauthbearer.scope.claim.name = scope
	sasl.oauthbearer.sub.claim.name = sub
	sasl.oauthbearer.token.endpoint.url = null
	security.protocol = PLAINTEXT
	security.providers = null
	send.buffer.bytes = 131072
	session.timeout.ms = 45000
	socket.connection.setup.timeout.max.ms = 30000
	socket.connection.setup.timeout.ms = 10000
	ssl.cipher.suites = null
	ssl.enabled.protocols = [TLSv1.2, TLSv1.3]
	ssl.endpoint.identification.algorithm = https
	ssl.engine.factory.class = null
	ssl.key.password = null
	ssl.keymanager.algorithm = SunX509
	ssl.keystore.certificate.chain = null
	ssl.keystore.key = null
	ssl.keystore.location = null
	ssl.keystore.password = null
	ssl.keystore.type = JKS
	ssl.protocol = TLSv1.3
	ssl.provider = null
	ssl.secure.random.implementation = null
	ssl.trustmanager.algorithm = PKIX
	ssl.truststore.certificates = null
	ssl.truststore.location = null
	ssl.truststore.password = null
	ssl.truststore.type = JKS
	value.deserializer = class org.apache.kafka.common.serialization.ByteArrayDeserializer

2026-04-22T20:10:52.408+07:00  INFO 75513 --- [order-service] [           main] o.a.k.clients.consumer.ConsumerConfig    : These configurations '[spring.json.trusted.packages]' were supplied but are not used yet.
2026-04-22T20:10:52.409+07:00  INFO 75513 --- [order-service] [           main] o.a.kafka.common.utils.AppInfoParser     : Kafka version: 3.6.2
2026-04-22T20:10:52.409+07:00  INFO 75513 --- [order-service] [           main] o.a.kafka.common.utils.AppInfoParser     : Kafka commitId: c4deed513057c94e
2026-04-22T20:10:52.409+07:00  INFO 75513 --- [order-service] [           main] o.a.kafka.common.utils.AppInfoParser     : Kafka startTimeMs: 1776863452409
2026-04-22T20:10:52.411+07:00  INFO 75513 --- [order-service] [           main] fkaConsumerFactory$ExtendedKafkaConsumer : [Consumer clientId=consumer-order-service-3, groupId=order-service] Subscribed to topic(s): velora.payment.failed.topic
2026-04-22T20:10:52.424+07:00  INFO 75513 --- [order-service] [           main] c.e.o.OrderServiceApplication            : Started OrderServiceApplication in 3.22 seconds (process running for 3.464)
2026-04-22T20:10:52.574+07:00  INFO 75513 --- [order-service] [ntainer#2-0-C-1] org.apache.kafka.clients.Metadata        : [Consumer clientId=consumer-order-service-1, groupId=order-service] Cluster ID: NaeYGMN1Q7CXolG6VdH_gA
2026-04-22T20:10:52.574+07:00  INFO 75513 --- [order-service] [ntainer#1-0-C-1] org.apache.kafka.clients.Metadata        : [Consumer clientId=consumer-order-service-3, groupId=order-service] Cluster ID: NaeYGMN1Q7CXolG6VdH_gA
2026-04-22T20:10:52.574+07:00  INFO 75513 --- [order-service] [ntainer#0-0-C-1] org.apache.kafka.clients.Metadata        : [Consumer clientId=consumer-order-service-2, groupId=order-service] Cluster ID: NaeYGMN1Q7CXolG6VdH_gA
2026-04-22T20:10:52.575+07:00  INFO 75513 --- [order-service] [ntainer#2-0-C-1] o.a.k.c.c.internals.ConsumerCoordinator  : [Consumer clientId=consumer-order-service-1, groupId=order-service] Discovered group coordinator localhost:9092 (id: 2147483646 rack: null)
2026-04-22T20:10:52.575+07:00  INFO 75513 --- [order-service] [ntainer#1-0-C-1] o.a.k.c.c.internals.ConsumerCoordinator  : [Consumer clientId=consumer-order-service-3, groupId=order-service] Discovered group coordinator localhost:9092 (id: 2147483646 rack: null)
2026-04-22T20:10:52.575+07:00  INFO 75513 --- [order-service] [ntainer#0-0-C-1] o.a.k.c.c.internals.ConsumerCoordinator  : [Consumer clientId=consumer-order-service-2, groupId=order-service] Discovered group coordinator localhost:9092 (id: 2147483646 rack: null)
2026-04-22T20:10:52.577+07:00  INFO 75513 --- [order-service] [ntainer#1-0-C-1] o.a.k.c.c.internals.ConsumerCoordinator  : [Consumer clientId=consumer-order-service-3, groupId=order-service] (Re-)joining group
2026-04-22T20:10:52.577+07:00  INFO 75513 --- [order-service] [ntainer#0-0-C-1] o.a.k.c.c.internals.ConsumerCoordinator  : [Consumer clientId=consumer-order-service-2, groupId=order-service] (Re-)joining group
2026-04-22T20:10:52.577+07:00  INFO 75513 --- [order-service] [ntainer#2-0-C-1] o.a.k.c.c.internals.ConsumerCoordinator  : [Consumer clientId=consumer-order-service-1, groupId=order-service] (Re-)joining group
2026-04-22T20:10:52.593+07:00  INFO 75513 --- [order-service] [ntainer#0-0-C-1] o.a.k.c.c.internals.ConsumerCoordinator  : [Consumer clientId=consumer-order-service-2, groupId=order-service] Request joining group due to: need to re-join with the given member-id: consumer-order-service-2-48055a41-d4db-4fea-b665-a28dab921170
2026-04-22T20:10:52.593+07:00  INFO 75513 --- [order-service] [ntainer#2-0-C-1] o.a.k.c.c.internals.ConsumerCoordinator  : [Consumer clientId=consumer-order-service-1, groupId=order-service] Request joining group due to: need to re-join with the given member-id: consumer-order-service-1-9d004f8e-8fba-4561-90d1-ab55c064c0bc
2026-04-22T20:10:52.593+07:00  INFO 75513 --- [order-service] [ntainer#1-0-C-1] o.a.k.c.c.internals.ConsumerCoordinator  : [Consumer clientId=consumer-order-service-3, groupId=order-service] Request joining group due to: need to re-join with the given member-id: consumer-order-service-3-6d1a2bf4-44ac-4940-b4b0-6586340ed684
2026-04-22T20:10:52.593+07:00  INFO 75513 --- [order-service] [ntainer#0-0-C-1] o.a.k.c.c.internals.ConsumerCoordinator  : [Consumer clientId=consumer-order-service-2, groupId=order-service] Request joining group due to: rebalance failed due to 'The group member needs to have a valid member id before actually entering a consumer group.' (MemberIdRequiredException)
2026-04-22T20:10:52.593+07:00  INFO 75513 --- [order-service] [ntainer#1-0-C-1] o.a.k.c.c.internals.ConsumerCoordinator  : [Consumer clientId=consumer-order-service-3, groupId=order-service] Request joining group due to: rebalance failed due to 'The group member needs to have a valid member id before actually entering a consumer group.' (MemberIdRequiredException)
2026-04-22T20:10:52.593+07:00  INFO 75513 --- [order-service] [ntainer#2-0-C-1] o.a.k.c.c.internals.ConsumerCoordinator  : [Consumer clientId=consumer-order-service-1, groupId=order-service] Request joining group due to: rebalance failed due to 'The group member needs to have a valid member id before actually entering a consumer group.' (MemberIdRequiredException)
2026-04-22T20:10:52.593+07:00  INFO 75513 --- [order-service] [ntainer#1-0-C-1] o.a.k.c.c.internals.ConsumerCoordinator  : [Consumer clientId=consumer-order-service-3, groupId=order-service] (Re-)joining group
2026-04-22T20:10:52.593+07:00  INFO 75513 --- [order-service] [ntainer#0-0-C-1] o.a.k.c.c.internals.ConsumerCoordinator  : [Consumer clientId=consumer-order-service-2, groupId=order-service] (Re-)joining group
2026-04-22T20:10:52.593+07:00  INFO 75513 --- [order-service] [ntainer#2-0-C-1] o.a.k.c.c.internals.ConsumerCoordinator  : [Consumer clientId=consumer-order-service-1, groupId=order-service] (Re-)joining group
2026-04-22T20:11:22.130+07:00  INFO 75513 --- [order-service] [ntainer#1-0-C-1] o.a.k.c.c.internals.ConsumerCoordinator  : [Consumer clientId=consumer-order-service-3, groupId=order-service] Successfully joined group with generation Generation{generationId=3, memberId='consumer-order-service-3-6d1a2bf4-44ac-4940-b4b0-6586340ed684', protocol='range'}
2026-04-22T20:11:22.130+07:00  INFO 75513 --- [order-service] [ntainer#2-0-C-1] o.a.k.c.c.internals.ConsumerCoordinator  : [Consumer clientId=consumer-order-service-1, groupId=order-service] Successfully joined group with generation Generation{generationId=3, memberId='consumer-order-service-1-9d004f8e-8fba-4561-90d1-ab55c064c0bc', protocol='range'}
2026-04-22T20:11:22.130+07:00  INFO 75513 --- [order-service] [ntainer#0-0-C-1] o.a.k.c.c.internals.ConsumerCoordinator  : [Consumer clientId=consumer-order-service-2, groupId=order-service] Successfully joined group with generation Generation{generationId=3, memberId='consumer-order-service-2-48055a41-d4db-4fea-b665-a28dab921170', protocol='range'}
2026-04-22T20:11:22.146+07:00  INFO 75513 --- [order-service] [ntainer#1-0-C-1] o.a.k.c.c.internals.ConsumerCoordinator  : [Consumer clientId=consumer-order-service-3, groupId=order-service] Finished assignment for group at generation 3: {consumer-order-service-3-6d1a2bf4-44ac-4940-b4b0-6586340ed684=Assignment(partitions=[velora.payment.failed.topic-0]), consumer-order-service-1-9d004f8e-8fba-4561-90d1-ab55c064c0bc=Assignment(partitions=[velora.shipment.created.topic-0]), consumer-order-service-2-48055a41-d4db-4fea-b665-a28dab921170=Assignment(partitions=[velora.payment.success.topic-0])}
2026-04-22T20:11:22.152+07:00  INFO 75513 --- [order-service] [ntainer#2-0-C-1] o.a.k.c.c.internals.ConsumerCoordinator  : [Consumer clientId=consumer-order-service-1, groupId=order-service] Successfully synced group in generation Generation{generationId=3, memberId='consumer-order-service-1-9d004f8e-8fba-4561-90d1-ab55c064c0bc', protocol='range'}
2026-04-22T20:11:22.152+07:00  INFO 75513 --- [order-service] [ntainer#0-0-C-1] o.a.k.c.c.internals.ConsumerCoordinator  : [Consumer clientId=consumer-order-service-2, groupId=order-service] Successfully synced group in generation Generation{generationId=3, memberId='consumer-order-service-2-48055a41-d4db-4fea-b665-a28dab921170', protocol='range'}
2026-04-22T20:11:22.152+07:00  INFO 75513 --- [order-service] [ntainer#1-0-C-1] o.a.k.c.c.internals.ConsumerCoordinator  : [Consumer clientId=consumer-order-service-3, groupId=order-service] Successfully synced group in generation Generation{generationId=3, memberId='consumer-order-service-3-6d1a2bf4-44ac-4940-b4b0-6586340ed684', protocol='range'}
2026-04-22T20:11:22.153+07:00  INFO 75513 --- [order-service] [ntainer#2-0-C-1] o.a.k.c.c.internals.ConsumerCoordinator  : [Consumer clientId=consumer-order-service-1, groupId=order-service] Notifying assignor about the new Assignment(partitions=[velora.shipment.created.topic-0])
2026-04-22T20:11:22.153+07:00  INFO 75513 --- [order-service] [ntainer#0-0-C-1] o.a.k.c.c.internals.ConsumerCoordinator  : [Consumer clientId=consumer-order-service-2, groupId=order-service] Notifying assignor about the new Assignment(partitions=[velora.payment.success.topic-0])
2026-04-22T20:11:22.153+07:00  INFO 75513 --- [order-service] [ntainer#1-0-C-1] o.a.k.c.c.internals.ConsumerCoordinator  : [Consumer clientId=consumer-order-service-3, groupId=order-service] Notifying assignor about the new Assignment(partitions=[velora.payment.failed.topic-0])
2026-04-22T20:11:22.155+07:00  INFO 75513 --- [order-service] [ntainer#2-0-C-1] o.a.k.c.c.internals.ConsumerCoordinator  : [Consumer clientId=consumer-order-service-1, groupId=order-service] Adding newly assigned partitions: velora.shipment.created.topic-0
2026-04-22T20:11:22.155+07:00  INFO 75513 --- [order-service] [ntainer#0-0-C-1] o.a.k.c.c.internals.ConsumerCoordinator  : [Consumer clientId=consumer-order-service-2, groupId=order-service] Adding newly assigned partitions: velora.payment.success.topic-0
2026-04-22T20:11:22.155+07:00  INFO 75513 --- [order-service] [ntainer#1-0-C-1] o.a.k.c.c.internals.ConsumerCoordinator  : [Consumer clientId=consumer-order-service-3, groupId=order-service] Adding newly assigned partitions: velora.payment.failed.topic-0
2026-04-22T20:11:22.163+07:00  INFO 75513 --- [order-service] [ntainer#2-0-C-1] o.a.k.c.c.internals.ConsumerCoordinator  : [Consumer clientId=consumer-order-service-1, groupId=order-service] Found no committed offset for partition velora.shipment.created.topic-0
2026-04-22T20:11:22.163+07:00  INFO 75513 --- [order-service] [ntainer#1-0-C-1] o.a.k.c.c.internals.ConsumerCoordinator  : [Consumer clientId=consumer-order-service-3, groupId=order-service] Found no committed offset for partition velora.payment.failed.topic-0
2026-04-22T20:11:22.163+07:00  INFO 75513 --- [order-service] [ntainer#0-0-C-1] o.a.k.c.c.internals.ConsumerCoordinator  : [Consumer clientId=consumer-order-service-2, groupId=order-service] Found no committed offset for partition velora.payment.success.topic-0
2026-04-22T20:11:22.175+07:00  INFO 75513 --- [order-service] [ntainer#1-0-C-1] o.a.k.c.c.internals.SubscriptionState    : [Consumer clientId=consumer-order-service-3, groupId=order-service] Resetting offset for partition velora.payment.failed.topic-0 to position FetchPosition{offset=0, offsetEpoch=Optional.empty, currentLeader=LeaderAndEpoch{leader=Optional[localhost:9092 (id: 1 rack: null)], epoch=0}}.
2026-04-22T20:11:22.176+07:00  INFO 75513 --- [order-service] [ntainer#1-0-C-1] o.s.k.l.KafkaMessageListenerContainer    : order-service: partitions assigned: [velora.payment.failed.topic-0]
2026-04-22T20:11:22.176+07:00  INFO 75513 --- [order-service] [ntainer#0-0-C-1] o.a.k.c.c.internals.SubscriptionState    : [Consumer clientId=consumer-order-service-2, groupId=order-service] Resetting offset for partition velora.payment.success.topic-0 to position FetchPosition{offset=0, offsetEpoch=Optional.empty, currentLeader=LeaderAndEpoch{leader=Optional[localhost:9092 (id: 1 rack: null)], epoch=0}}.
2026-04-22T20:11:22.176+07:00  INFO 75513 --- [order-service] [ntainer#2-0-C-1] o.a.k.c.c.internals.SubscriptionState    : [Consumer clientId=consumer-order-service-1, groupId=order-service] Resetting offset for partition velora.shipment.created.topic-0 to position FetchPosition{offset=0, offsetEpoch=Optional.empty, currentLeader=LeaderAndEpoch{leader=Optional[localhost:9092 (id: 1 rack: null)], epoch=0}}.
2026-04-22T20:11:22.176+07:00  INFO 75513 --- [order-service] [ntainer#0-0-C-1] o.s.k.l.KafkaMessageListenerContainer    : order-service: partitions assigned: [velora.payment.success.topic-0]
2026-04-22T20:11:22.176+07:00  INFO 75513 --- [order-service] [ntainer#2-0-C-1] o.s.k.l.KafkaMessageListenerContainer    : order-service: partitions assigned: [velora.shipment.created.topic-0]
2026-04-22T20:11:22.227+07:00  INFO 75513 --- [order-service] [ntainer#2-0-C-1] c.e.o.consumer.ShipmentCreatedConsumer   : ============================================================
ORDER CONSUMER - RECEIVE SHIPMENT CREATED
============================================================
Queue         : velora.shipment.created.topic
Order ID      : 6a413b9e-657b-49ad-b60c-021f7c9e0dad
Tracking No   : VLR72A60BBEDE
Shipment Stat.: READY_TO_SHIP
============================================================

2026-04-22T20:11:22.227+07:00  INFO 75513 --- [order-service] [ntainer#0-0-C-1] c.e.o.consumer.PaymentResultConsumer     : ============================================================
ORDER CONSUMER - RECEIVE PAYMENT SUCCESS
============================================================
Queue         : velora.payment.success.topic
Order ID      : 6a413b9e-657b-49ad-b60c-021f7c9e0dad
Customer      : Selvya
Payment Status: SUCCESS
Amount        : 507000.00
============================================================

2026-04-22T20:11:22.275+07:00  INFO 75513 --- [order-service] [ntainer#0-0-C-1] c.e.orderservice.service.OrderService    : ============================================================
ORDER SERVICE - UPDATE STATUS FROM PAYMENT RESULT
============================================================
Order ID      : 6a413b9e-657b-49ad-b60c-021f7c9e0dad
Customer      : Selvya
Payment Status: SUCCESS
Reason        : Payment completed
Old Status    : PENDING_PAYMENT
New Status    : PAID
============================================================

2026-04-22T20:11:22.275+07:00  INFO 75513 --- [order-service] [ntainer#2-0-C-1] c.e.orderservice.service.OrderService    : ============================================================
ORDER SERVICE - UPDATE STATUS FROM SHIPMENT RESULT
============================================================
Order ID      : 6a413b9e-657b-49ad-b60c-021f7c9e0dad
Tracking No   : VLR72A60BBEDE
Courier       : JNE
Old Status    : PENDING_PAYMENT
New Status    : READY_TO_SHIP
============================================================

2026-04-22T20:11:22.295+07:00  INFO 75513 --- [order-service] [ntainer#0-0-C-1] c.e.o.consumer.PaymentResultConsumer     : ============================================================
ORDER CONSUMER - RECEIVE PAYMENT SUCCESS
============================================================
Queue         : velora.payment.success.topic
Order ID      : 15de8fea-7972-424f-8114-8b1f9497d9f7
Customer      : Selvya
Payment Status: SUCCESS
Amount        : 507000.00
============================================================

2026-04-22T20:11:22.295+07:00  INFO 75513 --- [order-service] [ntainer#2-0-C-1] c.e.o.consumer.ShipmentCreatedConsumer   : ============================================================
ORDER CONSUMER - RECEIVE SHIPMENT CREATED
============================================================
Queue         : velora.shipment.created.topic
Order ID      : 15de8fea-7972-424f-8114-8b1f9497d9f7
Tracking No   : VLR0DCBEE0D91
Shipment Stat.: READY_TO_SHIP
============================================================

2026-04-22T20:11:22.298+07:00  INFO 75513 --- [order-service] [ntainer#0-0-C-1] c.e.orderservice.service.OrderService    : ============================================================
ORDER SERVICE - UPDATE STATUS FROM PAYMENT RESULT
============================================================
Order ID      : 15de8fea-7972-424f-8114-8b1f9497d9f7
Customer      : Selvya
Payment Status: SUCCESS
Reason        : Payment completed
Old Status    : PENDING_PAYMENT
New Status    : PAID
============================================================

2026-04-22T20:11:22.298+07:00  INFO 75513 --- [order-service] [ntainer#2-0-C-1] c.e.orderservice.service.OrderService    : ============================================================
ORDER SERVICE - UPDATE STATUS FROM SHIPMENT RESULT
============================================================
Order ID      : 15de8fea-7972-424f-8114-8b1f9497d9f7
Tracking No   : VLR0DCBEE0D91
Courier       : JNE
Old Status    : PENDING_PAYMENT
New Status    : READY_TO_SHIP
============================================================

2026-04-22T20:19:52.576+07:00  INFO 75513 --- [order-service] [ntainer#1-0-C-1] org.apache.kafka.clients.NetworkClient   : [Consumer clientId=consumer-order-service-3, groupId=order-service] Node -1 disconnected.
2026-04-22T20:19:52.907+07:00  INFO 75513 --- [order-service] [ntainer#2-0-C-1] org.apache.kafka.clients.NetworkClient   : [Consumer clientId=consumer-order-service-1, groupId=order-service] Node -1 disconnected.
2026-04-22T20:19:52.907+07:00  INFO 75513 --- [order-service] [ntainer#0-0-C-1] org.apache.kafka.clients.NetworkClient   : [Consumer clientId=consumer-order-service-2, groupId=order-service] Node -1 disconnected.
